Determining if the pthread_create exist failed with the following output:
Change Dir: /home/ivan/rov/X13-Core/ros/build/CMakeFiles/CMakeTmp

Run Build Command:"/usr/bin/make" "cmTC_47be3/fast"
/usr/bin/make -f CMakeFiles/cmTC_47be3.dir/build.make CMakeFiles/cmTC_47be3.dir/build
make[1]: Entering directory '/home/ivan/rov/X13-Core/ros/build/CMakeFiles/CMakeTmp'
Building C object CMakeFiles/cmTC_47be3.dir/CheckSymbolExists.c.o
/usr/bin/cc    -o CMakeFiles/cmTC_47be3.dir/CheckSymbolExists.c.o   -c /home/ivan/rov/X13-Core/ros/build/CMakeFiles/CMakeTmp/CheckSymbolExists.c
Linking C executable cmTC_47be3
/usr/bin/cmake -E cmake_link_script CMakeFiles/cmTC_47be3.dir/link.txt --verbose=1
/usr/bin/cc      -rdynamic CMakeFiles/cmTC_47be3.dir/CheckSymbolExists.c.o  -o cmTC_47be3 
/usr/bin/ld: CMakeFiles/cmTC_47be3.dir/CheckSymbolExists.c.o: in function `main':
CheckSymbolExists.c:(.text+0x1f): undefined reference to `pthread_create'
collect2: error: ld returned 1 exit status
make[1]: *** [CMakeFiles/cmTC_47be3.dir/build.make:87: cmTC_47be3] Error 1
make[1]: Leaving directory '/home/ivan/rov/X13-Core/ros/build/CMakeFiles/CMakeTmp'
make: *** [Makefile:121: cmTC_47be3/fast] Error 2

File /home/ivan/rov/X13-Core/ros/build/CMakeFiles/CMakeTmp/CheckSymbolExists.c:
/* */
#include <pthread.h>

int main(int argc, char** argv)
{
  (void)argv;
#ifndef pthread_create
  return ((int*)(&pthread_create))[argc];
#else
  (void)argc;
  return 0;
#endif
}

Determining if the function pthread_create exists in the pthreads failed with the following output:
Change Dir: /home/ivan/rov/X13-Core/ros/build/CMakeFiles/CMakeTmp

Run Build Command:"/usr/bin/make" "cmTC_c25dc/fast"
/usr/bin/make -f CMakeFiles/cmTC_c25dc.dir/build.make CMakeFiles/cmTC_c25dc.dir/build
make[1]: Entering directory '/home/ivan/rov/X13-Core/ros/build/CMakeFiles/CMakeTmp'
Building C object CMakeFiles/cmTC_c25dc.dir/CheckFunctionExists.c.o
/usr/bin/cc   -DCHECK_FUNCTION_EXISTS=pthread_create   -o CMakeFiles/cmTC_c25dc.dir/CheckFunctionExists.c.o   -c /usr/share/cmake-3.13/Modules/CheckFunctionExists.c
Linking C executable cmTC_c25dc
/usr/bin/cmake -E cmake_link_script CMakeFiles/cmTC_c25dc.dir/link.txt --verbose=1
/usr/bin/cc  -DCHECK_FUNCTION_EXISTS=pthread_create    -rdynamic CMakeFiles/cmTC_c25dc.dir/CheckFunctionExists.c.o  -o cmTC_c25dc -lpthreads 
/usr/bin/ld: cannot find -lpthreads
collect2: error: ld returned 1 exit status
make[1]: *** [CMakeFiles/cmTC_c25dc.dir/build.make:87: cmTC_c25dc] Error 1
make[1]: Leaving directory '/home/ivan/rov/X13-Core/ros/build/CMakeFiles/CMakeTmp'
make: *** [Makefile:121: cmTC_c25dc/fast] Error 2


